9   37  0   0   0   0   0   0   210
8   2   0   0   8   13  4   0   0   
6   W   h   e   e   l   1   6   O   
t   t   a   w   a   6   C   a   n 
a   d   a   45  4   1   1   1   3  
9   8   2   4   8   1   5   3   5
1   200

9   37  0   0   0   0   0   0   210
8   2   0   0   8   13  4   0   0   
6   W   h   e   e   l   2   6   O   
t   t   a   w   a   6   C   a   n 
a   d   a   44  4   1   1   1   4  
9   8   2   4   8   1   5   3   5
1   199

9   37  0   0   0   0   0   0   210
8   2   0   0   8   13  4   0   0   
6   W   h   e   e   l   3   6   O   
t   t   a   w   a   6   C   a   n 
a   d   a   43  4   1   1   1   5  
9   8   2   4   8   1   5   3   5
1   198

9   37  0   0   0   0   0   0   210
8   2   0   0   8   13  4   0   0   
6   W   h   e   e   l   4   6   O   
t   t   a   w   a   6   C   a   n 
a   d   a   42  4   1   1   1   6  
9   8   2   4   8   1   5   3   5
1   197